<?xml version="1.0" encoding="UTF-8"?>
<Site BuildName="(empty)"
	BuildStamp="20240909-0948-Experimental"
	Name="(empty)"
	Generator="ctest-3.30.3"
	CompilerName=""
	CompilerVersion=""
	OSName="Windows"
	Hostname="TEMASBOOK"
	OSRelease=" Personal"
	OSVersion=" (Build 22631)"
	OSPlatform="AMD64"
	Is64Bits="1"
	VendorString="AuthenticAMD"
	VendorID="Advanced Micro Devices"
	FamilyID="15"
	ModelID="8"
	ProcessorCacheSize="64"
	NumberOfLogicalCPU="16"
	NumberOfPhysicalCPU="8"
	TotalVirtualMemory="28780"
	TotalPhysicalMemory="7579"
	LogicalProcessorsPerPhysical="2"
	ProcessorClockFrequency="1796"
	>
	<Testing>
		<StartDateTime>Sep 09 12:48 RTZ 2 ([NON-UTF-8-BYTE-0xE7][NON-UTF-8-BYTE-0xE8][NON-UTF-8-BYTE-0xEC][NON-UTF-8-BYTE-0xE0])</StartDateTime>
		<StartTestTime>1725875284</StartTestTime>
		<TestList>
			<Test>./VowelCounterTests</Test>
		</TestList>
		<Test Status="passed">
			<Name>VowelCounterTests</Name>
			<Path>.</Path>
			<FullName>./VowelCounterTests</FullName>
			<FullCommandLine>C:\Users\Tema\Desktop\labs\OOP\lab1\build\bin\runTests.exe</FullCommandLine>
			<Results>
				<NamedMeasurement type="numeric/double" name="Execution Time">
					<Value>0.0377872</Value>
				</NamedMeasurement>
				<NamedMeasurement type="numeric/double" name="Processors">
					<Value>1</Value>
				</NamedMeasurement>
				<NamedMeasurement type="text/string" name="Completion Status">
					<Value>Completed</Value>
				</NamedMeasurement>
				<NamedMeasurement type="text/string" name="Command Line">
					<Value>C:\Users\Tema\Desktop\labs\OOP\lab1\build\bin\runTests.exe</Value>
				</NamedMeasurement>
				<NamedMeasurement type="text/string" name="Environment">
					<Value>#CTEST_RESOURCE_GROUP_COUNT=</Value>
				</NamedMeasurement>
				<Measurement>
					<Value encoding="base64" compression="gzip">eJyVkz1PwzAQhvf+ihthaNQiJCamCDEArdSmLFUGN7kSS86d5XOa9t9jEhFEIxRzU3J+7n3yods/DpXDpiHS9AHLB/AoXuDouIZldwPSaI/JbD8fKodnwwdl+nOkk3ZMNVJg0c8bewX/Tn3nFk3KDXl0WWjP9rDZraCrfHSabMNzGezagexr/TJBws0CarmNik6ZhEmRj4of6DhFd73VtTW49S4kTEhGfJzmqbb+0g9kleNWJjQjPk6zsxZdoQSjJFd0nGLF9Kq8prRSThWhK1Guv8bipGsyl645pfkBY98mKvYbiwt902cs0/Bd//HDxzNJErY0q7SAVc4DH8FX2C80N942Hlol4LDmE5YgmgoEHZb9XCCW0sOVQ6nYlF/Ty8XdPRwuISDJZ5+xjW+5====</Value>
				</Measurement>
			</Results>
		</Test>
		<EndDateTime>Sep 09 12:48 RTZ 2 ([NON-UTF-8-BYTE-0xE7][NON-UTF-8-BYTE-0xE8][NON-UTF-8-BYTE-0xEC][NON-UTF-8-BYTE-0xE0])</EndDateTime>
		<EndTestTime>1725875284</EndTestTime>
		<ElapsedMinutes>0</ElapsedMinutes>
	</Testing>
</Site>
